Arguments: 
  C:\Program Files\nodejs\node.exe C:\Program Files (x86)\Yarn\bin\yarn.js

PATH: 
  C:\Windows\system32;C:\Windows;C:\Windows\System32\Wbem;C:\Windows\System32\WindowsPowerShell\v1.0\;C:\Program Files\Git\cmd;C:\Program Files (x86)\Yarn\bin\;C:\Program Files\nodejs\;C:\Users\ADMIN\AppData\Local\Yarn\bin;C:\Users\ADMIN\AppData\Roaming\npm;C:\WinNMP\bin

Yarn version: 
  1.22.4

Node version: 
  12.16.1

Platform: 
  win32 x64

Trace: 
  TypeError: micromatch.matcher(): pattern should be a string, regex, or function.
      at matcher (C:\Program Files (x86)\Yarn\lib\cli.js:35317:11)
      at match (C:\Program Files (x86)\Yarn\lib\cli.js:35111:18)
      at micromatch (C:\Program Files (x86)\Yarn\lib\cli.js:35068:29)
      at Config.<anonymous> (C:\Program Files (x86)\Yarn\lib\cli.js:41453:38)
      at Generator.next (<anonymous>)
      at step (C:\Program Files (x86)\Yarn\lib\cli.js:310:30)
      at C:\Program Files (x86)\Yarn\lib\cli.js:321:13

npm manifest: 
  {
    "name": "@pv/workspace-b",
    "version": "1.0.0",
    "main": "main.js",
    "dependencies": {
      "@pv/workspace-a": "1.0.0"
    }
  }

yarn manifest: 
  No manifest

Lockfile: 
  No lockfile
